<?xml version="1.0" encoding="UTF-8"?>
<testsuite name="ru.danil.algos.solutions.task1.SolutionTest" tests="6" skipped="0" failures="0" errors="0" timestamp="2025-06-30T11:51:01" hostname="LAPTOP-LCS26JGJ" time="0.064">
  <properties/>
  <testcase name="test1()" classname="ru.danil.algos.solutions.task1.SolutionTest" time="0.037"/>
  <testcase name="test2()" classname="ru.danil.algos.solutions.task1.SolutionTest" time="0.003"/>
  <testcase name="test3()" classname="ru.danil.algos.solutions.task1.SolutionTest" time="0.003"/>
  <testcase name="test4()" classname="ru.danil.algos.solutions.task1.SolutionTest" time="0.004"/>
  <testcase name="test5()" classname="ru.danil.algos.solutions.task1.SolutionTest" time="0.002"/>
  <testcase name="test6()" classname="ru.danil.algos.solutions.task1.SolutionTest" time="0.002"/>
  <system-out><![CDATA[]]></system-out>
  <system-err><![CDATA[]]></system-err>
</testsuite>
